
ROM used: 2184 (7%)
          2184 (7%) including unused fragments

          2 Average locations per line
          8 Average locations per statement

RAM used: 39 (3%) at main() level
          65 (4%) worst case

Lines Stmts  %   Files
----- ----- ---  -----
  100    32  11  E:\programming\sed\Proyecto 1\proyecto1bis.c
  432     0   0  E:\programming\sed\Proyecto 1\18F4520.H
   54     0   0  E:\programming\sed\Proyecto 1\proyecto1.h
  333    92  29  E:\programming\sed\Proyecto 1\PCF8583.c
  187    58  14  E:\programming\sed\Proyecto 1\LCDeasy.c
   63    22   5  E:\programming\sed\Proyecto 1\1wire.c
   79    32   7  E:\programming\sed\Proyecto 1\ds1820.c
   72    24   5  E:\programming\sed\Proyecto 1\teclado.c
   62    25   5  E:\programming\sed\Proyecto 1\eeprom.c
----- -----
 2764   570 Total

Page ROM  %  RAM  Functions:
---- --- --- ---  ----------
0     48   1   1  @delay_ms1
0     30   1   1  @delay_us1
0     88   2   3  @I2C_READ_1_31763_31764_8000000
0     94   2   1  @I2C_WRITE_1_31763_31764_8000000
0     82   2   2  PCF8583_write_byte
0    124   3   2  PCF8583_read_byte
0     38   1   3  bcd2bin
0    436  10  12  PCF8583_read_datetime
0     30   1   0  @const112
0     30   1   1  lcd_send_nibble
0     64   1   3  lcd_send_byte
0    132   3   3  lcd_init
0     36   1   4  lcd_gotoxy
0     68   2   1  lcd_putc
0     28   1   0  @const168
0     24   1   2  get_key
0    236   5   7  find_key
0     62   1   2  interrupcion
0     42   1   0  @const10354
0     90   2   7  main
0     40   1   3  @DIV88
0    210   5   6  @PRINTF_D_4800_31766_31767

 Segment   Used  Free
---------  ----  ----
00000-00002     4  0  
00004-00006     0  4  
00008-0009A   148  0  
0009C-07FFE  2032  30580  

