
ROM used: 2230 (7%)
          2230 (7%) including unused fragments

          2 Average locations per line
          8 Average locations per statement

RAM used: 61 (4%) at main() level
          76 (5%) worst case

Lines Stmts  %   Files
----- ----- ---  -----
  185    31  11  E:\programming\sed\Proyecto 1\proyecto1.c
  432     0   0  E:\programming\sed\Proyecto 1\18F4520.H
   23     0   0  E:\programming\sed\Proyecto 1\proyecto1.h
   28     0   0  C:\Program Files\PICC\drivers\ctype.h
  278    78  26  E:\programming\sed\Proyecto 1\PCF8583.c
  187    58  15  E:\programming\sed\Proyecto 1\LCDeasy.c
   63    22   5  E:\programming\sed\Proyecto 1\1wire.c
   76    32   7  E:\programming\sed\Proyecto 1\ds1820.c
   78    27   5  E:\programming\sed\Proyecto 1\teclado.c
   62    25   5  E:\programming\sed\Proyecto 1\eeprom.c
----- -----
 2824   546 Total

Page ROM  %  RAM  Functions:
---- --- --- ---  ----------
0     48   1   1  @delay_ms1
0     30   1   1  @delay_us1
0     88   2   3  @I2C_READ_1_31763_31764_8000000
0     94   2   1  @I2C_WRITE_1_31763_31764_8000000
0     96   2   0  @const56
0     84   2   2  PCF8583_write_byte
0    128   3   2  PCF8583_read_byte
0     10   0   0  PCF8583_init
0     38   1   3  bcd2bin
0    440  10  12  PCF8583_read_datetime
0     30   1   0  @const103
0     30   1   1  lcd_send_nibble
0     64   1   3  lcd_send_byte
0    132   3   3  lcd_init
0     48   1   4  lcd_gotoxy
0    114   3   1  lcd_putc
0     16   0   0  activacion_led
0    386   9  31  main
0     60   1   0  @const10364
0     40   1   3  @DIV88
0    102   2   2  @PRINTF_U_528

 Segment   Used  Free
---------  ----  ----
00000-00002     4  0  
00004-00006     0  4  
00008-0009A   148  0  
0009C-07FFE  2078  30534  

