
ROM used: 1016 (3%)
          1016 (3%) including unused fragments

          1 Average locations per line
          4 Average locations per statement

RAM used: 17 (1%) at main() level
          44 (3%) worst case

Lines Stmts  %   Files
----- ----- ---  -----
   86    12   5  E:\programming\sed\Proyecto 1\Prototipo 2 (placa)\inicializacion.c
  432     0   0  E:\programming\sed\Proyecto 1\Prototipo 2 (placa)\18F4520.H
   59     0   0  E:\programming\sed\Proyecto 1\Prototipo 2 (placa)\proyecto1.h
  326    89  36  E:\programming\sed\Proyecto 1\Prototipo 2 (placa)\PCF8583.c
  187    58  17  E:\programming\sed\Proyecto 1\Prototipo 2 (placa)\LCDeasy.c
   63    22   6  E:\programming\sed\Proyecto 1\Prototipo 2 (placa)\1wire.c
  121    53  13  E:\programming\sed\Proyecto 1\Prototipo 2 (placa)\ds1820.c
----- -----
 2548   468 Total

Page ROM  %  RAM  Functions:
---- --- --- ---  ----------
0     50   2   1  @delay_ms1
0     30   1   1  @delay_us1
0     42   2   1  onewire_reset
0     62   3   2  onewire_write
0     74   4   2  onewire_read
0    198  10  17  ds1820_establecer_TH_TL
0    244  12  11  @MULFF
0     58   3   4  @SFTOI
0    164   8   3  ds1820_termostato
0     90   4  12  main

 Segment   Used  Free
---------  ----  ----
00000-00002     4  0  
00004-07FFE  1012  31752  

